<?xml version="1.0" encoding="UTF-8"?>
<!-- Generated by org.testng.reporters.JUnitReportReporter -->
<testsuite hostname="Alexey-ПК" name="com.example.fw.AppTest" tests="1" failures="0" timestamp="28 Nov 2015 10:12:35 GMT" time="0.040" errors="0">
  <testcase name="simpleTest" time="0.040" classname="com.example.fw.AppTest"/>
</testsuite> <!-- com.example.fw.AppTest -->
